\BOOKMARK [1][-]{section.1}{\376\377\000I\000n\000t\000r\000o\000d\000u\000c\000t\000i\000o\000n\000\040}{}% 1
\BOOKMARK [1][-]{section.2}{\376\377\000Q\000u\000i\000c\000k\000\040\000r\000e\000f\000e\000r\000e\000n\000c\000e\000\040\000g\000u\000i\000d\000e}{}% 2
\BOOKMARK [1][-]{section.3}{\376\377\000H\000o\000w\000\040\000t\000o\000\040\000s\000t\000a\000r\000t\000\040\000a\000n\000d\000\040\000p\000r\000e\000p\000a\000r\000e\000\040\000y\000o\000u\000r\000\040\000a\000r\000t\000i\000c\000l\000e}{}% 3
\BOOKMARK [1][-]{section.4}{\376\377\000P\000a\000c\000k\000a\000g\000e\000\040\000f\000e\000a\000t\000u\000r\000e\000s\000\040\000a\000n\000d\000\040\000s\000o\000m\000e\000\040\000i\000m\000p\000o\000r\000t\000a\000n\000t\000\040\000s\000e\000t\000t\000i\000n\000g\000s}{}% 4
\BOOKMARK [2][-]{subsection.4.1}{\376\377\000L\000a\000n\000g\000u\000a\000g\000e}{section.4}% 5
\BOOKMARK [2][-]{subsection.4.2}{\376\377\000F\000o\000n\000t\000s}{section.4}% 6
\BOOKMARK [1][-]{section.5}{\376\377\000P\000r\000e\000a\000m\000b\000l\000e}{}% 7
\BOOKMARK [1][-]{section.6}{\376\377\000D\000e\000t\000a\000i\000l\000s\000\040\000o\000n\000\040\000d\000o\000c\000u\000m\000e\000n\000t\000\040\000c\000l\000a\000s\000s\000\040\000o\000p\000t\000i\000o\000n\000s}{}% 8
\BOOKMARK [1][-]{section.7}{\376\377\000M\000a\000j\000o\000r\000\040\000s\000t\000r\000u\000c\000t\000u\000r\000e\000s\000/\000e\000l\000e\000m\000e\000n\000t\000s}{}% 9
\BOOKMARK [1][-]{section.8}{\376\377\000F\000r\000o\000n\000t\000\040\000m\000a\000t\000t\000e\000r\000\040\000e\000l\000e\000m\000e\000n\000t\000s\000\040}{}% 10
\BOOKMARK [1][-]{section.9}{\376\377\000M\000a\000i\000n\000\040\000m\000a\000t\000t\000e\000r\000\040\000e\000l\000e\000m\000e\000n\000t\000s\000\040}{}% 11
\BOOKMARK [2][-]{subsection.9.1}{\376\377\000S\000e\000c\000t\000i\000o\000n\000\040\000h\000e\000a\000d\000i\000n\000g\000s}{section.9}% 12
\BOOKMARK [2][-]{subsection.9.2}{\376\377\000M\000a\000t\000h\000e\000m\000a\000t\000i\000c\000a\000l\000\040\000f\000o\000r\000m\000u\000l\000a\000e}{section.9}% 13
\BOOKMARK [2][-]{subsection.9.3}{\376\377\000F\000i\000g\000u\000r\000e\000s\000\040\000a\000n\000d\000\040\000T\000a\000b\000l\000e\000s}{section.9}% 14
\BOOKMARK [2][-]{subsection.9.4}{\376\377\000L\000i\000s\000t\000s}{section.9}% 15
\BOOKMARK [2][-]{subsection.9.5}{\376\377\000T\000h\000e\000o\000r\000e\000m\000-\000l\000i\000k\000e\000\040\000e\000n\000v\000i\000r\000o\000n\000m\000e\000n\000t\000s}{section.9}% 16
\BOOKMARK [2][-]{subsection.9.6}{\376\377\000B\000o\000x\000\040\000E\000l\000e\000m\000e\000n\000t\000s}{section.9}% 17
\BOOKMARK [2][-]{subsection.9.7}{\376\377\000F\000o\000o\000t\000n\000o\000t\000e\000s}{section.9}% 18
\BOOKMARK [2][-]{subsection.9.8}{\376\377\000A\000l\000g\000o\000r\000i\000t\000h\000m\000s\000,\000\040\000P\000r\000o\000g\000r\000a\000m\000\040\000c\000o\000d\000e\000s\000,\000\040\000a\000n\000d\000\040\000L\000i\000s\000t\000i\000n\000g\000s}{section.9}% 19
\BOOKMARK [2][-]{subsection.9.9}{\376\377\000C\000r\000o\000s\000s\000\040\000r\000e\000f\000e\000r\000e\000n\000c\000e\000s}{section.9}% 20
\BOOKMARK [2][-]{subsection.9.10}{\376\377\000C\000r\000o\000s\000s\000\040\000c\000i\000t\000a\000t\000i\000o\000n\000s\000\040}{section.9}% 21
\BOOKMARK [1][-]{section.10}{\376\377\000B\000a\000c\000k\000\040\000m\000a\000t\000t\000e\000r\000\040\000e\000l\000e\000m\000e\000n\000t\000s\000\040}{}% 22
\BOOKMARK [2][-]{subsection.10.1}{\376\377\000A\000p\000p\000e\000n\000d\000i\000c\000e\000s}{section.10}% 23
\BOOKMARK [2][-]{subsection.10.2}{\376\377\000R\000e\000f\000e\000r\000e\000n\000c\000e\000s}{section.10}% 24
\BOOKMARK [1][-]{section.11}{\376\377\000A\000u\000t\000h\000o\000r\000\040\000b\000i\000o\000g\000r\000a\000p\000h\000y}{}% 25
\BOOKMARK [1][-]{section.12}{\376\377\000A\000u\000t\000h\000o\000r\000\040\000s\000u\000p\000p\000o\000r\000t\000s}{}% 26
\BOOKMARK [1][-]{section.13}{\376\377\000R\000e\000v\000i\000s\000i\000o\000n\000\040\000H\000i\000s\000t\000o\000r\000y}{}% 27
